<?xml version="1.0" encoding="UTF-8"?>
<testng-results ignored="0" total="1" passed="1" failed="0" skipped="0">
  <reporter-output>
  </reporter-output>
  <suite started-at="2022-03-07T08:57:44Z" name="Default suite" finished-at="2022-03-07T08:58:09Z" duration-ms="24112">
    <groups>
    </groups>
    <test started-at="2022-03-07T08:57:44Z" name="Default test" finished-at="2022-03-07T08:58:09Z" duration-ms="24112">
      <class name="com.selenium.testcases.sampleTestcase">
        <test-method is-config="true" signature="launchBrowser()[pri:0, instance:com.selenium.testcases.sampleTestcase@1757cd72]" started-at="2022-03-07T08:57:44Z" name="launchBrowser" finished-at="2022-03-07T08:57:47Z" duration-ms="2930" status="PASS">
          <reporter-output>
          </reporter-output>
        </test-method> <!-- launchBrowser -->
        <test-method is-config="true" signature="Login()[pri:0, instance:com.selenium.testcases.sampleTestcase@1757cd72]" started-at="2022-03-07T08:57:47Z" name="Login" finished-at="2022-03-07T08:58:03Z" duration-ms="16088" status="PASS">
          <reporter-output>
          </reporter-output>
        </test-method> <!-- Login -->
        <test-method signature="getPageTitle()[pri:0, instance:com.selenium.testcases.sampleTestcase@1757cd72]" started-at="2022-03-07T08:58:03Z" name="getPageTitle" finished-at="2022-03-07T08:58:06Z" duration-ms="3019" status="PASS">
          <reporter-output>
          </reporter-output>
        </test-method> <!-- getPageTitle -->
        <test-method is-config="true" signature="logout()[pri:0, instance:com.selenium.testcases.sampleTestcase@1757cd72]" started-at="2022-03-07T08:58:06Z" name="logout" finished-at="2022-03-07T08:58:07Z" duration-ms="800" status="PASS">
          <reporter-output>
          </reporter-output>
        </test-method> <!-- logout -->
        <test-method is-config="true" signature="closeBrowser()[pri:0, instance:com.selenium.testcases.sampleTestcase@1757cd72]" started-at="2022-03-07T08:58:07Z" name="closeBrowser" finished-at="2022-03-07T08:58:09Z" duration-ms="1260" status="PASS">
          <reporter-output>
          </reporter-output>
        </test-method> <!-- closeBrowser -->
      </class> <!-- com.selenium.testcases.sampleTestcase -->
    </test> <!-- Default test -->
  </suite> <!-- Default suite -->
</testng-results>
